# JRE version: Java(TM) SE Runtime Environment (19.0.2+7) (build 19.0.2+7-44)
# Java VM: Java HotSpot(TM) 64-Bit Server VM (19.0.2+7-44, mixed mode, sharing, tiered, compressed oops, compressed class ptrs, g1 gc, windows-amd64)
GC Precious Log:
 CardTable entry size: 512
 Card Set container configuration: InlinePtr #cards 5 size 8 Array Of Cards #cards 12 size 40 Howl #buckets 4 coarsen threshold 1843 Howl Bitmap #cards 512 size 80 coarsen threshold 460 Card regions per heap region 1 cards per card region 2048
 CPUs: 12 total, 12 available
 Memory: 7521M
 Large Page Support: Disabled
 NUMA Support: Disabled
 Compressed Oops: Enabled (32-bit)
 Heap Region Size: 1M
 Heap Min Capacity: 8M
 Heap Initial Capacity: 118M
 Heap Max Capacity: 1882M
 Pre-touch: Disabled
 Parallel Workers: 10
 Concurrent Workers: 3
 Concurrent Refinement Workers: 10
 Periodic GC: Disabled
Heap:
 garbage-first heap   total 133120K, used 34473K [0x000000008a600000, 0x0000000100000000)
  region size 1024K, 7 young (7168K), 1 survivors (1024K)
 Metaspace       used 63781K, committed 64448K, reserved 1114112K
  class space    used 8523K, committed 8832K, reserved 1048576K
GC Heap History (20 events):
Event: 3.049 GC heap before
{Heap before GC invocations=6 (full 0):
 garbage-first heap   total 66560K, used 44554K [0x000000008a600000, 0x0000000100000000)
  region size 1024K, 30 young (30720K), 1 survivors (1024K)
 Metaspace       used 29820K, committed 30272K, reserved 1114112K
  class space    used 3768K, committed 3968K, reserved 1048576K
}
Event: 3.055 GC heap after
{Heap after GC invocations=7 (full 0):
 garbage-first heap   total 66560K, used 18096K [0x000000008a600000, 0x0000000100000000)
  region size 1024K, 3 young (3072K), 3 survivors (3072K)
 Metaspace       used 29820K, committed 30272K, reserved 1114112K
  class space    used 3768K, committed 3968K, reserved 1048576K
}
Event: 3.596 GC heap before
{Heap before GC invocations=7 (full 0):
 garbage-first heap   total 66560K, used 36528K [0x000000008a600000, 0x0000000100000000)
  region size 1024K, 23 young (23552K), 3 survivors (3072K)
 Metaspace       used 35639K, committed 36096K, reserved 1114112K
  class space    used 4592K, committed 4800K, reserved 1048576K
}
Event: 3.603 GC heap after
{Heap after GC invocations=8 (full 0):
 garbage-first heap   total 66560K, used 19418K [0x000000008a600000, 0x0000000100000000)
  region size 1024K, 2 young (2048K), 2 survivors (2048K)
 Metaspace       used 35639K, committed 36096K, reserved 1114112K
  class space    used 4592K, committed 4800K, reserved 1048576K
}
Event: 6.183 GC heap before
{Heap before GC invocations=9 (full 0):
 garbage-first heap   total 66560K, used 48090K [0x000000008a600000, 0x0000000100000000)
  region size 1024K, 30 young (30720K), 2 survivors (2048K)
 Metaspace       used 43782K, committed 44352K, reserved 1114112K
  class space    used 5624K, committed 5888K, reserved 1048576K
}
Event: 6.188 GC heap after
{Heap after GC invocations=10 (full 0):
 garbage-first heap   total 66560K, used 21496K [0x000000008a600000, 0x0000000100000000)
  region size 1024K, 4 young (4096K), 4 survivors (4096K)
 Metaspace       used 43782K, committed 44352K, reserved 1114112K
  class space    used 5624K, committed 5888K, reserved 1048576K
}
Event: 6.209 GC heap before
{Heap before GC invocations=10 (full 0):
 garbage-first heap   total 66560K, used 22520K [0x000000008a600000, 0x0000000100000000)
  region size 1024K, 5 young (5120K), 4 survivors (4096K)
 Metaspace       used 44029K, committed 44544K, reserved 1114112K
  class space    used 5669K, committed 5888K, reserved 1048576K
}
Event: 6.213 GC heap after
{Heap after GC invocations=11 (full 0):
 garbage-first heap   total 66560K, used 21472K [0x000000008a600000, 0x0000000100000000)
  region size 1024K, 1 young (1024K), 1 survivors (1024K)
 Metaspace       used 44029K, committed 44544K, reserved 1114112K
  class space    used 5669K, committed 5888K, reserved 1048576K
}
Event: 6.741 GC heap before
{Heap before GC invocations=11 (full 0):
 garbage-first heap   total 66560K, used 48096K [0x000000008a600000, 0x0000000100000000)
  region size 1024K, 28 young (28672K), 1 survivors (1024K)
 Metaspace       used 51300K, committed 51776K, reserved 1114112K
  class space    used 6816K, committed 7040K, reserved 1048576K
}
Event: 6.743 GC heap after
{Heap after GC invocations=12 (full 0):
 garbage-first heap   total 66560K, used 22086K [0x000000008a600000, 0x0000000100000000)
  region size 1024K, 2 young (2048K), 2 survivors (2048K)
 Metaspace       used 51300K, committed 51776K, reserved 1114112K
  class space    used 6816K, committed 7040K, reserved 1048576K
}
Event: 11.719 GC heap before
{Heap before GC invocations=12 (full 0):
 garbage-first heap   total 66560K, used 49734K [0x000000008a600000, 0x0000000100000000)
  region size 1024K, 29 young (29696K), 2 survivors (2048K)
 Metaspace       used 56250K, committed 56768K, reserved 1114112K
  class space    used 7457K, committed 7680K, reserved 1048576K
}
Event: 11.725 GC heap after
{Heap after GC invocations=13 (full 0):
 garbage-first heap   total 66560K, used 24281K [0x000000008a600000, 0x0000000100000000)
  region size 1024K, 4 young (4096K), 4 survivors (4096K)
 Metaspace       used 56250K, committed 56768K, reserved 1114112K
  class space    used 7457K, committed 7680K, reserved 1048576K
}
Event: 11.908 GC heap before
{Heap before GC invocations=13 (full 0):
 garbage-first heap   total 66560K, used 49881K [0x000000008a600000, 0x0000000100000000)
  region size 1024K, 30 young (30720K), 4 survivors (4096K)
 Metaspace       used 57498K, committed 58048K, reserved 1114112K
  class space    used 7612K, committed 7872K, reserved 1048576K
}
Event: 11.914 GC heap after
{Heap after GC invocations=14 (full 0):
 garbage-first heap   total 66560K, used 25630K [0x000000008a600000, 0x0000000100000000)
  region size 1024K, 2 young (2048K), 2 survivors (2048K)
 Metaspace       used 57498K, committed 58048K, reserved 1114112K
  class space    used 7612K, committed 7872K, reserved 1048576K
}
Event: 12.230 GC heap before
{Heap before GC invocations=14 (full 0):
 garbage-first heap   total 66560K, used 50206K [0x000000008a600000, 0x0000000100000000)
  region size 1024K, 27 young (27648K), 2 survivors (2048K)
 Metaspace       used 60051K, committed 60608K, reserved 1114112K
  class space    used 7971K, committed 8256K, reserved 1048576K
}
Event: 12.236 GC heap after
{Heap after GC invocations=15 (full 0):
 garbage-first heap   total 66560K, used 27058K [0x000000008a600000, 0x0000000100000000)
  region size 1024K, 3 young (3072K), 3 survivors (3072K)
 Metaspace       used 60051K, committed 60608K, reserved 1114112K
  class space    used 7971K, committed 8256K, reserved 1048576K
}
Event: 12.630 GC heap before
{Heap before GC invocations=16 (full 0):
 garbage-first heap   total 66560K, used 51634K [0x000000008a600000, 0x0000000100000000)
  region size 1024K, 27 young (27648K), 3 survivors (3072K)
 Metaspace       used 62608K, committed 63168K, reserved 1114112K
  class space    used 8370K, committed 8640K, reserved 1048576K
}
Event: 12.638 GC heap after
{Heap after GC invocations=17 (full 0):
 garbage-first heap   total 66560K, used 29214K [0x000000008a600000, 0x0000000100000000)
  region size 1024K, 4 young (4096K), 4 survivors (4096K)
 Metaspace       used 62608K, committed 63168K, reserved 1114112K
  class space    used 8370K, committed 8640K, reserved 1048576K
}
Event: 12.659 GC heap before
{Heap before GC invocations=17 (full 0):
 garbage-first heap   total 66560K, used 30238K [0x000000008a600000, 0x0000000100000000)
  region size 1024K, 5 young (5120K), 4 survivors (4096K)
 Metaspace       used 62704K, committed 63360K, reserved 1114112K
  class space    used 8387K, committed 8704K, reserved 1048576K
}
Event: 12.666 GC heap after
{Heap after GC invocations=18 (full 0):
 garbage-first heap   total 133120K, used 29353K [0x000000008a600000, 0x0000000100000000)
  region size 1024K, 1 young (1024K), 1 survivors (1024K)
 Metaspace       used 62704K, committed 63360K, reserved 1114112K
  class space    used 8387K, committed 8704K, reserved 1048576K
}

